Оптимизация изображений
ERROR: optipng tools load failed. Is /usr/bin/optipng installed on the server?
--------------------------------------------------
Работа завершена за 0.0151619911194 s. 
Всего обработано файлов 0 из 0
Оптимизация изображений
на дату: 2016-10-29; в папках: /Volumes/K2/htdocs/silverado/www//uploads/banners, /Volumes/K2/htdocs/silverado/www//images/site/smart
  /Volumes/K2/htdocs/silverado/www//images/site/smart
  /Volumes/K2/htdocs/silverado/www//images/site/smart/icons
  /Volumes/K2/htdocs/silverado/www//uploads/banners
--------------------------------------------------
Работа завершена за 0.0741279125214 s. 
Всего обработано файлов 0 из 69
Оптимизация изображений
на дату: 2016-10-29; в папках: /Volumes/K2/htdocs/silverado/www//uploads/banners, /Volumes/K2/htdocs/silverado/www//images/site/smart
  /Volumes/K2/htdocs/silverado/www//images/site/smart
  /Volumes/K2/htdocs/silverado/www//images/site/smart/icons
  /Volumes/K2/htdocs/silverado/www//uploads/banners
--------------------------------------------------
Работа завершена за 0.0483949184418 s. 
Всего обработано файлов 0 из 69
Оптимизация изображений
на дату: 2017-04-22; в папках: /Volumes/K2/htdocs/silverado/www//uploads/banners, /Volumes/K2/htdocs/silverado/www//uploads/catalog, /Volumes/K2/htdocs/silverado/www//images/public
  /Volumes/K2/htdocs/silverado/www//images/public
  /Volumes/K2/htdocs/silverado/www//images/public/mail
  /Volumes/K2/htdocs/silverado/www//images/public/icons
  /Volumes/K2/htdocs/silverado/www//uploads/catalog
  /Volumes/K2/htdocs/silverado/www//uploads/catalog/99
  /Volumes/K2/htdocs/silverado/www//uploads/catalog/98
  /Volumes/K2/htdocs/silverado/www//uploads/catalog/97
  /Volumes/K2/htdocs/silverado/www//uploads/catalog/96
  /Volumes/K2/htdocs/silverado/www//uploads/catalog/95
  /Volumes/K2/htdocs/silverado/www//uploads/catalog/907
  /Volumes/K2/htdocs/silverado/www//uploads/catalog/906
  /Volumes/K2/htdocs/silverado/www//uploads/catalog/905
  /Volumes/K2/htdocs/silverado/www//uploads/catalog/904
  /Volumes/K2/htdocs/silverado/www//uploads/catalog/903
  /Volumes/K2/htdocs/silverado/www//uploads/catalog/902
  /Volumes/K2/htdocs/silverado/www//uploads/catalog/901
  /Volumes/K2/htdocs/silverado/www//uploads/catalog/900
  /Volumes/K2/htdocs/silverado/www//uploads/catalog/899
  /Volumes/K2/htdocs/silverado/www//uploads/catalog/898
  /Volumes/K2/htdocs/silverado/www//uploads/catalog/897
  /Volumes/K2/htdocs/silverado/www//uploads/catalog/896
  /Volumes/K2/htdocs/silverado/www//uploads/catalog/895
  /Volumes/K2/htdocs/silverado/www//uploads/catalog/894
  /Volumes/K2/htdocs/silverado/www//uploads/catalog/893
  /Volumes/K2/htdocs/silverado/www//uploads/catalog/892
  /Volumes/K2/htdocs/silverado/www//uploads/catalog/891
  /Volumes/K2/htdocs/silverado/www//uploads/catalog/890
  /Volumes/K2/htdocs/silverado/www//uploads/catalog/889
  /Volumes/K2/htdocs/silverado/www//uploads/catalog/888
  /Volumes/K2/htdocs/silverado/www//uploads/catalog/887
  /Volumes/K2/htdocs/silverado/www//uploads/catalog/886
  /Volumes/K2/htdocs/silverado/www//uploads/catalog/885
  /Volumes/K2/htdocs/silverado/www//uploads/catalog/884
  /Volumes/K2/htdocs/silverado/www//uploads/catalog/883
  /Volumes/K2/htdocs/silverado/www//uploads/catalog/882
  /Volumes/K2/htdocs/silverado/www//uploads/catalog/881
  /Volumes/K2/htdocs/silverado/www//uploads/catalog/880
  /Volumes/K2/htdocs/silverado/www//uploads/catalog/879
  /Volumes/K2/htdocs/silverado/www//uploads/catalog/878
  /Volumes/K2/htdocs/silverado/www//uploads/catalog/877
  /Volumes/K2/htdocs/silverado/www//uploads/catalog/876
  /Volumes/K2/htdocs/silverado/www//uploads/catalog/875
  /Volumes/K2/htdocs/silverado/www//uploads/catalog/874
  /Volumes/K2/htdocs/silverado/www//uploads/catalog/873
  /Volumes/K2/htdocs/silverado/www//uploads/catalog/872
  /Volumes/K2/htdocs/silverado/www//uploads/catalog/871
  /Volumes/K2/htdocs/silverado/www//uploads/catalog/870
  /Volumes/K2/htdocs/silverado/www//uploads/catalog/869
  /Volumes/K2/htdocs/silverado/www//uploads/catalog/868
  /Volumes/K2/htdocs/silverado/www//uploads/catalog/867
  /Volumes/K2/htdocs/silverado/www//uploads/catalog/866
  /Volumes/K2/htdocs/silverado/www//uploads/catalog/865
  /Volumes/K2/htdocs/silverado/www//uploads/catalog/864
  /Volumes/K2/htdocs/silverado/www//uploads/catalog/863
  /Volumes/K2/htdocs/silverado/www//uploads/catalog/862
  /Volumes/K2/htdocs/silverado/www//uploads/catalog/861
  /Volumes/K2/htdocs/silverado/www//uploads/catalog/860
  /Volumes/K2/htdocs/silverado/www//uploads/catalog/859
  /Volumes/K2/htdocs/silverado/www//uploads/catalog/858
  /Volumes/K2/htdocs/silverado/www//uploads/catalog/857
  /Volumes/K2/htdocs/silverado/www//uploads/catalog/856
  /Volumes/K2/htdocs/silverado/www//uploads/catalog/812
  /Volumes/K2/htdocs/silverado/www//uploads/catalog/811
  /Volumes/K2/htdocs/silverado/www//uploads/catalog/810
  /Volumes/K2/htdocs/silverado/www//uploads/catalog/808
  /Volumes/K2/htdocs/silverado/www//uploads/catalog/807
  /Volumes/K2/htdocs/silverado/www//uploads/catalog/806
  /Volumes/K2/htdocs/silverado/www//uploads/catalog/805
  /Volumes/K2/htdocs/silverado/www//uploads/catalog/804
  /Volumes/K2/htdocs/silverado/www//uploads/catalog/803
  /Volumes/K2/htdocs/silverado/www//uploads/catalog/802
  /Volumes/K2/htdocs/silverado/www//uploads/catalog/801
  /Volumes/K2/htdocs/silverado/www//uploads/catalog/800
  /Volumes/K2/htdocs/silverado/www//uploads/catalog/80
  /Volumes/K2/htdocs/silverado/www//uploads/catalog/799
  /Volumes/K2/htdocs/silverado/www//uploads/catalog/798
  /Volumes/K2/htdocs/silverado/www//uploads/catalog/797
  /Volumes/K2/htdocs/silverado/www//uploads/catalog/796
  /Volumes/K2/htdocs/silverado/www//uploads/catalog/795
  /Volumes/K2/htdocs/silverado/www//uploads/catalog/794
  /Volumes/K2/htdocs/silverado/www//uploads/catalog/793
  /Volumes/K2/htdocs/silverado/www//uploads/catalog/792
  /Volumes/K2/htdocs/silverado/www//uploads/catalog/791
  /Volumes/K2/htdocs/silverado/www//uploads/catalog/790
  /Volumes/K2/htdocs/silverado/www//uploads/catalog/789
  /Volumes/K2/htdocs/silverado/www//uploads/catalog/788
  /Volumes/K2/htdocs/silverado/www//uploads/catalog/787
  /Volumes/K2/htdocs/silverado/www//uploads/catalog/786
  /Volumes/K2/htdocs/silverado/www//uploads/catalog/785
  /Volumes/K2/htdocs/silverado/www//uploads/catalog/784
  /Volumes/K2/htdocs/silverado/www//uploads/catalog/783
  /Volumes/K2/htdocs/silverado/www//uploads/catalog/782
  /Volumes/K2/htdocs/silverado/www//uploads/catalog/781
  /Volumes/K2/htdocs/silverado/www//uploads/catalog/780
  /Volumes/K2/htdocs/silverado/www//uploads/catalog/779
  /Volumes/K2/htdocs/silverado/www//uploads/catalog/778
  /Volumes/K2/htdocs/silverado/www//uploads/catalog/777
  /Volumes/K2/htdocs/silverado/www//uploads/catalog/776
  /Volumes/K2/htdocs/silverado/www//uploads/catalog/775
  /Volumes/K2/htdocs/silverado/www//uploads/catalog/774
  /Volumes/K2/htdocs/silverado/www//uploads/catalog/773
  /Volumes/K2/htdocs/silverado/www//uploads/catalog/772
  /Volumes/K2/htdocs/silverado/www//uploads/catalog/771
  /Volumes/K2/htdocs/silverado/www//uploads/catalog/770
  /Volumes/K2/htdocs/silverado/www//uploads/catalog/769
  /Volumes/K2/htdocs/silverado/www//uploads/catalog/768
  /Volumes/K2/htdocs/silverado/www//uploads/catalog/767
  /Volumes/K2/htdocs/silverado/www//uploads/catalog/766
  /Volumes/K2/htdocs/silverado/www//uploads/catalog/765
  /Volumes/K2/htdocs/silverado/www//uploads/catalog/764
  /Volumes/K2/htdocs/silverado/www//uploads/catalog/763
  /Volumes/K2/htdocs/silverado/www//uploads/catalog/762
  /Volumes/K2/htdocs/silverado/www//uploads/catalog/761
  /Volumes/K2/htdocs/silverado/www//uploads/catalog/760
  /Volumes/K2/htdocs/silverado/www//uploads/catalog/759
  /Volumes/K2/htdocs/silverado/www//uploads/catalog/758
  /Volumes/K2/htdocs/silverado/www//uploads/catalog/757
  /Volumes/K2/htdocs/silverado/www//uploads/catalog/756
  /Volumes/K2/htdocs/silverado/www//uploads/catalog/755
  /Volumes/K2/htdocs/silverado/www//uploads/catalog/754
  /Volumes/K2/htdocs/silverado/www//uploads/catalog/753
  /Volumes/K2/htdocs/silverado/www//uploads/catalog/752
  /Volumes/K2/htdocs/silverado/www//uploads/catalog/751
  /Volumes/K2/htdocs/silverado/www//uploads/catalog/750
  /Volumes/K2/htdocs/silverado/www//uploads/catalog/749
  /Volumes/K2/htdocs/silverado/www//uploads/catalog/748
  /Volumes/K2/htdocs/silverado/www//uploads/catalog/747
  /Volumes/K2/htdocs/silverado/www//uploads/catalog/745
  /Volumes/K2/htdocs/silverado/www//uploads/catalog/744
  /Volumes/K2/htdocs/silverado/www//uploads/catalog/743
  /Volumes/K2/htdocs/silverado/www//uploads/catalog/742
  /Volumes/K2/htdocs/silverado/www//uploads/catalog/741
  /Volumes/K2/htdocs/silverado/www//uploads/catalog/740
  /Volumes/K2/htdocs/silverado/www//uploads/catalog/739
  /Volumes/K2/htdocs/silverado/www//uploads/catalog/738
  /Volumes/K2/htdocs/silverado/www//uploads/catalog/737
  /Volumes/K2/htdocs/silverado/www//uploads/catalog/736
  /Volumes/K2/htdocs/silverado/www//uploads/catalog/735
  /Volumes/K2/htdocs/silverado/www//uploads/catalog/734
  /Volumes/K2/htdocs/silverado/www//uploads/catalog/733
  /Volumes/K2/htdocs/silverado/www//uploads/catalog/732
  /Volumes/K2/htdocs/silverado/www//uploads/catalog/731
  /Volumes/K2/htdocs/silverado/www//uploads/catalog/730
  /Volumes/K2/htdocs/silverado/www//uploads/catalog/729
  /Volumes/K2/htdocs/silverado/www//uploads/catalog/728
  /Volumes/K2/htdocs/silverado/www//uploads/catalog/727
  /Volumes/K2/htdocs/silverado/www//uploads/catalog/726
  /Volumes/K2/htdocs/silverado/www//uploads/catalog/725
  /Volumes/K2/htdocs/silverado/www//uploads/catalog/724
  /Volumes/K2/htdocs/silverado/www//uploads/catalog/723
  /Volumes/K2/htdocs/silverado/www//uploads/catalog/722
  /Volumes/K2/htdocs/silverado/www//uploads/catalog/721
  /Volumes/K2/htdocs/silverado/www//uploads/catalog/720
  /Volumes/K2/htdocs/silverado/www//uploads/catalog/719
  /Volumes/K2/htdocs/silverado/www//uploads/catalog/718
  /Volumes/K2/htdocs/silverado/www//uploads/catalog/717
  /Volumes/K2/htdocs/silverado/www//uploads/catalog/716
  /Volumes/K2/htdocs/silverado/www//uploads/catalog/715
  /Volumes/K2/htdocs/silverado/www//uploads/catalog/714
  /Volumes/K2/htdocs/silverado/www//uploads/catalog/713
  /Volumes/K2/htdocs/silverado/www//uploads/catalog/712
  /Volumes/K2/htdocs/silverado/www//uploads/catalog/711
  /Volumes/K2/htdocs/silverado/www//uploads/catalog/710
  /Volumes/K2/htdocs/silverado/www//uploads/catalog/709
  /Volumes/K2/htdocs/silverado/www//uploads/catalog/708
  /Volumes/K2/htdocs/silverado/www//uploads/catalog/707
  /Volumes/K2/htdocs/silverado/www//uploads/catalog/706
  /Volumes/K2/htdocs/silverado/www//uploads/catalog/705
  /Volumes/K2/htdocs/silverado/www//uploads/catalog/704
  /Volumes/K2/htdocs/silverado/www//uploads/catalog/703
  /Volumes/K2/htdocs/silverado/www//uploads/catalog/702
  /Volumes/K2/htdocs/silverado/www//uploads/catalog/701
  /Volumes/K2/htdocs/silverado/www//uploads/catalog/700
  /Volumes/K2/htdocs/silverado/www//uploads/catalog/699
  /Volumes/K2/htdocs/silverado/www//uploads/catalog/698
  /Volumes/K2/htdocs/silverado/www//uploads/catalog/697
  /Volumes/K2/htdocs/silverado/www//uploads/catalog/696
  /Volumes/K2/htdocs/silverado/www//uploads/catalog/695
  /Volumes/K2/htdocs/silverado/www//uploads/catalog/694
  /Volumes/K2/htdocs/silverado/www//uploads/catalog/693
  /Volumes/K2/htdocs/silverado/www//uploads/catalog/692
  /Volumes/K2/htdocs/silverado/www//uploads/catalog/691
  /Volumes/K2/htdocs/silverado/www//uploads/catalog/690
  /Volumes/K2/htdocs/silverado/www//uploads/catalog/689
  /Volumes/K2/htdocs/silverado/www//uploads/catalog/688
  /Volumes/K2/htdocs/silverado/www//uploads/catalog/687
  /Volumes/K2/htdocs/silverado/www//uploads/catalog/686
  /Volumes/K2/htdocs/silverado/www//uploads/catalog/685
  /Volumes/K2/htdocs/silverado/www//uploads/catalog/684
  /Volumes/K2/htdocs/silverado/www//uploads/catalog/683
  /Volumes/K2/htdocs/silverado/www//uploads/catalog/682
  /Volumes/K2/htdocs/silverado/www//uploads/catalog/681
  /Volumes/K2/htdocs/silverado/www//uploads/catalog/680
  /Volumes/K2/htdocs/silverado/www//uploads/catalog/68
  /Volumes/K2/htdocs/silverado/www//uploads/catalog/679
  /Volumes/K2/htdocs/silverado/www//uploads/catalog/677
  /Volumes/K2/htdocs/silverado/www//uploads/catalog/676
  /Volumes/K2/htdocs/silverado/www//uploads/catalog/674
  /Volumes/K2/htdocs/silverado/www//uploads/catalog/673
  /Volumes/K2/htdocs/silverado/www//uploads/catalog/672
  /Volumes/K2/htdocs/silverado/www//uploads/catalog/671
  /Volumes/K2/htdocs/silverado/www//uploads/catalog/670
  /Volumes/K2/htdocs/silverado/www//uploads/catalog/669
  /Volumes/K2/htdocs/silverado/www//uploads/catalog/668
  /Volumes/K2/htdocs/silverado/www//uploads/catalog/667
  /Volumes/K2/htdocs/silverado/www//uploads/catalog/666
  /Volumes/K2/htdocs/silverado/www//uploads/catalog/652
  /Volumes/K2/htdocs/silverado/www//uploads/catalog/651
  /Volumes/K2/htdocs/silverado/www//uploads/catalog/650
  /Volumes/K2/htdocs/silverado/www//uploads/catalog/649
  /Volumes/K2/htdocs/silverado/www//uploads/catalog/648
  /Volumes/K2/htdocs/silverado/www//uploads/catalog/647
  /Volumes/K2/htdocs/silverado/www//uploads/catalog/646
  /Volumes/K2/htdocs/silverado/www//uploads/catalog/645
  /Volumes/K2/htdocs/silverado/www//uploads/catalog/644
  /Volumes/K2/htdocs/silverado/www//uploads/catalog/643
  /Volumes/K2/htdocs/silverado/www//uploads/catalog/642
  /Volumes/K2/htdocs/silverado/www//uploads/catalog/641
  /Volumes/K2/htdocs/silverado/www//uploads/catalog/640
  /Volumes/K2/htdocs/silverado/www//uploads/catalog/639
  /Volumes/K2/htdocs/silverado/www//uploads/catalog/638
  /Volumes/K2/htdocs/silverado/www//uploads/catalog/637
  /Volumes/K2/htdocs/silverado/www//uploads/catalog/636
  /Volumes/K2/htdocs/silverado/www//uploads/catalog/635
  /Volumes/K2/htdocs/silverado/www//uploads/catalog/634
  /Volumes/K2/htdocs/silverado/www//uploads/catalog/633
  /Volumes/K2/htdocs/silverado/www//uploads/catalog/632
  /Volumes/K2/htdocs/silverado/www//uploads/catalog/631
  /Volumes/K2/htdocs/silverado/www//uploads/catalog/630
  /Volumes/K2/htdocs/silverado/www//uploads/catalog/629
  /Volumes/K2/htdocs/silverado/www//uploads/catalog/628
  /Volumes/K2/htdocs/silverado/www//uploads/catalog/627
  /Volumes/K2/htdocs/silverado/www//uploads/catalog/626
  /Volumes/K2/htdocs/silverado/www//uploads/catalog/625
  /Volumes/K2/htdocs/silverado/www//uploads/catalog/624
  /Volumes/K2/htdocs/silverado/www//uploads/catalog/623
  /Volumes/K2/htdocs/silverado/www//uploads/catalog/622
  /Volumes/K2/htdocs/silverado/www//uploads/catalog/621
  /Volumes/K2/htdocs/silverado/www//uploads/catalog/620
  /Volumes/K2/htdocs/silverado/www//uploads/catalog/619
  /Volumes/K2/htdocs/silverado/www//uploads/catalog/618
  /Volumes/K2/htdocs/silverado/www//uploads/catalog/617
  /Volumes/K2/htdocs/silverado/www//uploads/catalog/616
  /Volumes/K2/htdocs/silverado/www//uploads/catalog/615
  /Volumes/K2/htdocs/silverado/www//uploads/catalog/614
  /Volumes/K2/htdocs/silverado/www//uploads/catalog/613
  /Volumes/K2/htdocs/silverado/www//uploads/catalog/612
  /Volumes/K2/htdocs/silverado/www//uploads/catalog/611
  /Volumes/K2/htdocs/silverado/www//uploads/catalog/610
  /Volumes/K2/htdocs/silverado/www//uploads/catalog/609
  /Volumes/K2/htdocs/silverado/www//uploads/catalog/608
  /Volumes/K2/htdocs/silverado/www//uploads/catalog/607
  /Volumes/K2/htdocs/silverado/www//uploads/catalog/606
  /Volumes/K2/htdocs/silverado/www//uploads/catalog/605
  /Volumes/K2/htdocs/silverado/www//uploads/catalog/604
  /Volumes/K2/htdocs/silverado/www//uploads/catalog/603
  /Volumes/K2/htdocs/silverado/www//uploads/catalog/602
  /Volumes/K2/htdocs/silverado/www//uploads/catalog/601
  /Volumes/K2/htdocs/silverado/www//uploads/catalog/600
  /Volumes/K2/htdocs/silverado/www//uploads/catalog/599
  /Volumes/K2/htdocs/silverado/www//uploads/catalog/598
  /Volumes/K2/htdocs/silverado/www//uploads/catalog/597
  /Volumes/K2/htdocs/silverado/www//uploads/catalog/596
  /Volumes/K2/htdocs/silverado/www//uploads/catalog/595
  /Volumes/K2/htdocs/silverado/www//uploads/catalog/594
  /Volumes/K2/htdocs/silverado/www//uploads/catalog/593
  /Volumes/K2/htdocs/silverado/www//uploads/catalog/592
  /Volumes/K2/htdocs/silverado/www//uploads/catalog/591
  /Volumes/K2/htdocs/silverado/www//uploads/catalog/590
  /Volumes/K2/htdocs/silverado/www//uploads/catalog/589
  /Volumes/K2/htdocs/silverado/www//uploads/catalog/588
  /Volumes/K2/htdocs/silverado/www//uploads/catalog/587
  /Volumes/K2/htdocs/silverado/www//uploads/catalog/586
  /Volumes/K2/htdocs/silverado/www//uploads/catalog/585
  /Volumes/K2/htdocs/silverado/www//uploads/catalog/584
  /Volumes/K2/htdocs/silverado/www//uploads/catalog/583
  /Volumes/K2/htdocs/silverado/www//uploads/catalog/582
  /Volumes/K2/htdocs/silverado/www//uploads/catalog/581
  /Volumes/K2/htdocs/silverado/www//uploads/catalog/580
  /Volumes/K2/htdocs/silverado/www//uploads/catalog/579
  /Volumes/K2/htdocs/silverado/www//uploads/catalog/578
  /Volumes/K2/htdocs/silverado/www//uploads/catalog/577
  /Volumes/K2/htdocs/silverado/www//uploads/catalog/576
  /Volumes/K2/htdocs/silverado/www//uploads/catalog/575
  /Volumes/K2/htdocs/silverado/www//uploads/catalog/574
  /Volumes/K2/htdocs/silverado/www//uploads/catalog/573
  /Volumes/K2/htdocs/silverado/www//uploads/catalog/572
  /Volumes/K2/htdocs/silverado/www//uploads/catalog/571
  /Volumes/K2/htdocs/silverado/www//uploads/catalog/570
  /Volumes/K2/htdocs/silverado/www//uploads/catalog/569
  /Volumes/K2/htdocs/silverado/www//uploads/catalog/568
  /Volumes/K2/htdocs/silverado/www//uploads/catalog/567
  /Volumes/K2/htdocs/silverado/www//uploads/catalog/566
  /Volumes/K2/htdocs/silverado/www//uploads/catalog/565
  /Volumes/K2/htdocs/silverado/www//uploads/catalog/564
  /Volumes/K2/htdocs/silverado/www//uploads/catalog/563
  /Volumes/K2/htdocs/silverado/www//uploads/catalog/562
  /Volumes/K2/htdocs/silverado/www//uploads/catalog/561
  /Volumes/K2/htdocs/silverado/www//uploads/catalog/560
  /Volumes/K2/htdocs/silverado/www//uploads/catalog/559
  /Volumes/K2/htdocs/silverado/www//uploads/catalog/558
  /Volumes/K2/htdocs/silverado/www//uploads/catalog/557
  /Volumes/K2/htdocs/silverado/www//uploads/catalog/556
  /Volumes/K2/htdocs/silverado/www//uploads/catalog/555
  /Volumes/K2/htdocs/silverado/www//uploads/catalog/554
  /Volumes/K2/htdocs/silverado/www//uploads/catalog/553
  /Volumes/K2/htdocs/silverado/www//uploads/catalog/552
  /Volumes/K2/htdocs/silverado/www//uploads/catalog/551
  /Volumes/K2/htdocs/silverado/www//uploads/catalog/550
  /Volumes/K2/htdocs/silverado/www//uploads/catalog/549
  /Volumes/K2/htdocs/silverado/www//uploads/catalog/548
  /Volumes/K2/htdocs/silverado/www//uploads/catalog/547
  /Volumes/K2/htdocs/silverado/www//uploads/catalog/546
  /Volumes/K2/htdocs/silverado/www//uploads/catalog/545
  /Volumes/K2/htdocs/silverado/www//uploads/catalog/544
  /Volumes/K2/htdocs/silverado/www//uploads/catalog/543
  /Volumes/K2/htdocs/silverado/www//uploads/catalog/542
  /Volumes/K2/htdocs/silverado/www//uploads/catalog/541
  /Volumes/K2/htdocs/silverado/www//uploads/catalog/525
  /Volumes/K2/htdocs/silverado/www//uploads/catalog/524
  /Volumes/K2/htdocs/silverado/www//uploads/catalog/523
  /Volumes/K2/htdocs/silverado/www//uploads/catalog/522
  /Volumes/K2/htdocs/silverado/www//uploads/catalog/521
  /Volumes/K2/htdocs/silverado/www//uploads/catalog/520
  /Volumes/K2/htdocs/silverado/www//uploads/catalog/519
  /Volumes/K2/htdocs/silverado/www//uploads/catalog/518
  /Volumes/K2/htdocs/silverado/www//uploads/catalog/517
  /Volumes/K2/htdocs/silverado/www//uploads/catalog/516
  /Volumes/K2/htdocs/silverado/www//uploads/catalog/515
  /Volumes/K2/htdocs/silverado/www//uploads/catalog/514
  /Volumes/K2/htdocs/silverado/www//uploads/catalog/513
  /Volumes/K2/htdocs/silverado/www//uploads/catalog/512
  /Volumes/K2/htdocs/silverado/www//uploads/catalog/511
  /Volumes/K2/htdocs/silverado/www//uploads/catalog/510
  /Volumes/K2/htdocs/silverado/www//uploads/catalog/51
  /Volumes/K2/htdocs/silverado/www//uploads/catalog/509
  /Volumes/K2/htdocs/silverado/www//uploads/catalog/508
  /Volumes/K2/htdocs/silverado/www//uploads/catalog/507
  /Volumes/K2/htdocs/silverado/www//uploads/catalog/506
  /Volumes/K2/htdocs/silverado/www//uploads/catalog/505
  /Volumes/K2/htdocs/silverado/www//uploads/catalog/504
  /Volumes/K2/htdocs/silverado/www//uploads/catalog/503
  /Volumes/K2/htdocs/silverado/www//uploads/catalog/502
  /Volumes/K2/htdocs/silverado/www//uploads/catalog/501
  /Volumes/K2/htdocs/silverado/www//uploads/catalog/500
  /Volumes/K2/htdocs/silverado/www//uploads/catalog/50
  /Volumes/K2/htdocs/silverado/www//uploads/catalog/499
  /Volumes/K2/htdocs/silverado/www//uploads/catalog/498
  /Volumes/K2/htdocs/silverado/www//uploads/catalog/497
  /Volumes/K2/htdocs/silverado/www//uploads/catalog/496
  /Volumes/K2/htdocs/silverado/www//uploads/catalog/495
  /Volumes/K2/htdocs/silverado/www//uploads/catalog/494
  /Volumes/K2/htdocs/silverado/www//uploads/catalog/493
  /Volumes/K2/htdocs/silverado/www//uploads/catalog/492
  /Volumes/K2/htdocs/silverado/www//uploads/catalog/491
  /Volumes/K2/htdocs/silverado/www//uploads/catalog/490
  /Volumes/K2/htdocs/silverado/www//uploads/catalog/49
  /Volumes/K2/htdocs/silverado/www//uploads/catalog/489
  /Volumes/K2/htdocs/silverado/www//uploads/catalog/488
  /Volumes/K2/htdocs/silverado/www//uploads/catalog/487
  /Volumes/K2/htdocs/silverado/www//uploads/catalog/486
  /Volumes/K2/htdocs/silverado/www//uploads/catalog/485
  /Volumes/K2/htdocs/silverado/www//uploads/catalog/484
  /Volumes/K2/htdocs/silverado/www//uploads/catalog/483
  /Volumes/K2/htdocs/silverado/www//uploads/catalog/482
  /Volumes/K2/htdocs/silverado/www//uploads/catalog/481
  /Volumes/K2/htdocs/silverado/www//uploads/catalog/480
  /Volumes/K2/htdocs/silverado/www//uploads/catalog/48
  /Volumes/K2/htdocs/silverado/www//uploads/catalog/479
  /Volumes/K2/htdocs/silverado/www//uploads/catalog/478
  /Volumes/K2/htdocs/silverado/www//uploads/catalog/477
  /Volumes/K2/htdocs/silverado/www//uploads/catalog/476
  /Volumes/K2/htdocs/silverado/www//uploads/catalog/475
  /Volumes/K2/htdocs/silverado/www//uploads/catalog/474
  /Volumes/K2/htdocs/silverado/www//uploads/catalog/473
  /Volumes/K2/htdocs/silverado/www//uploads/catalog/472
  /Volumes/K2/htdocs/silverado/www//uploads/catalog/471
  /Volumes/K2/htdocs/silverado/www//uploads/catalog/470
  /Volumes/K2/htdocs/silverado/www//uploads/catalog/47
  /Volumes/K2/htdocs/silverado/www//uploads/catalog/469
  /Volumes/K2/htdocs/silverado/www//uploads/catalog/468
  /Volumes/K2/htdocs/silverado/www//uploads/catalog/467
  /Volumes/K2/htdocs/silverado/www//uploads/catalog/466
  /Volumes/K2/htdocs/silverado/www//uploads/catalog/465
  /Volumes/K2/htdocs/silverado/www//uploads/catalog/464
  /Volumes/K2/htdocs/silverado/www//uploads/catalog/463
  /Volumes/K2/htdocs/silverado/www//uploads/catalog/462
  /Volumes/K2/htdocs/silverado/www//uploads/catalog/461
  /Volumes/K2/htdocs/silverado/www//uploads/catalog/460
  /Volumes/K2/htdocs/silverado/www//uploads/catalog/46
  /Volumes/K2/htdocs/silverado/www//uploads/catalog/459
  /Volumes/K2/htdocs/silverado/www//uploads/catalog/458
  /Volumes/K2/htdocs/silverado/www//uploads/catalog/457
  /Volumes/K2/htdocs/silverado/www//uploads/catalog/456
  /Volumes/K2/htdocs/silverado/www//uploads/catalog/455
  /Volumes/K2/htdocs/silverado/www//uploads/catalog/454
  /Volumes/K2/htdocs/silverado/www//uploads/catalog/453
  /Volumes/K2/htdocs/silverado/www//uploads/catalog/452
  /Volumes/K2/htdocs/silverado/www//uploads/catalog/451
  /Volumes/K2/htdocs/silverado/www//uploads/catalog/450
  /Volumes/K2/htdocs/silverado/www//uploads/catalog/45
  /Volumes/K2/htdocs/silverado/www//uploads/catalog/449
  /Volumes/K2/htdocs/silverado/www//uploads/catalog/448
  /Volumes/K2/htdocs/silverado/www//uploads/catalog/447
  /Volumes/K2/htdocs/silverado/www//uploads/catalog/446
  /Volumes/K2/htdocs/silverado/www//uploads/catalog/445
  /Volumes/K2/htdocs/silverado/www//uploads/catalog/444
  /Volumes/K2/htdocs/silverado/www//uploads/catalog/443
  /Volumes/K2/htdocs/silverado/www//uploads/catalog/442
  /Volumes/K2/htdocs/silverado/www//uploads/catalog/441
  /Volumes/K2/htdocs/silverado/www//uploads/catalog/440
  /Volumes/K2/htdocs/silverado/www//uploads/catalog/44
  /Volumes/K2/htdocs/silverado/www//uploads/catalog/439
  /Volumes/K2/htdocs/silverado/www//uploads/catalog/438
  /Volumes/K2/htdocs/silverado/www//uploads/catalog/437
  /Volumes/K2/htdocs/silverado/www//uploads/catalog/436
  /Volumes/K2/htdocs/silverado/www//uploads/catalog/435
  /Volumes/K2/htdocs/silverado/www//uploads/catalog/434
  /Volumes/K2/htdocs/silverado/www//uploads/catalog/433
  /Volumes/K2/htdocs/silverado/www//uploads/catalog/432
  /Volumes/K2/htdocs/silverado/www//uploads/catalog/431
  /Volumes/K2/htdocs/silverado/www//uploads/catalog/430
  /Volumes/K2/htdocs/silverado/www//uploads/catalog/43
  /Volumes/K2/htdocs/silverado/www//uploads/catalog/429
  /Volumes/K2/htdocs/silverado/www//uploads/catalog/428
  /Volumes/K2/htdocs/silverado/www//uploads/catalog/427
  /Volumes/K2/htdocs/silverado/www//uploads/catalog/426
  /Volumes/K2/htdocs/silverado/www//uploads/catalog/425
  /Volumes/K2/htdocs/silverado/www//uploads/catalog/424
  /Volumes/K2/htdocs/silverado/www//uploads/catalog/423
  /Volumes/K2/htdocs/silverado/www//uploads/catalog/422
  /Volumes/K2/htdocs/silverado/www//uploads/catalog/421
  /Volumes/K2/htdocs/silverado/www//uploads/catalog/420
  /Volumes/K2/htdocs/silverado/www//uploads/catalog/42
  /Volumes/K2/htdocs/silverado/www//uploads/catalog/419
  /Volumes/K2/htdocs/silverado/www//uploads/catalog/418
  /Volumes/K2/htdocs/silverado/www//uploads/catalog/417
  /Volumes/K2/htdocs/silverado/www//uploads/catalog/416
  /Volumes/K2/htdocs/silverado/www//uploads/catalog/415
  /Volumes/K2/htdocs/silverado/www//uploads/catalog/414
  /Volumes/K2/htdocs/silverado/www//uploads/catalog/413
  /Volumes/K2/htdocs/silverado/www//uploads/catalog/412
  /Volumes/K2/htdocs/silverado/www//uploads/catalog/41
  /Volumes/K2/htdocs/silverado/www//uploads/catalog/40
  /Volumes/K2/htdocs/silverado/www//uploads/catalog/39
  /Volumes/K2/htdocs/silverado/www//uploads/catalog/38
  /Volumes/K2/htdocs/silverado/www//uploads/catalog/37
  /Volumes/K2/htdocs/silverado/www//uploads/catalog/36
  /Volumes/K2/htdocs/silverado/www//uploads/catalog/35
  /Volumes/K2/htdocs/silverado/www//uploads/catalog/34
  /Volumes/K2/htdocs/silverado/www//uploads/catalog/33
  /Volumes/K2/htdocs/silverado/www//uploads/catalog/32
  /Volumes/K2/htdocs/silverado/www//uploads/catalog/31
  /Volumes/K2/htdocs/silverado/www//uploads/catalog/30
  /Volumes/K2/htdocs/silverado/www//uploads/catalog/290
  /Volumes/K2/htdocs/silverado/www//uploads/catalog/29
  /Volumes/K2/htdocs/silverado/www//uploads/catalog/289
  /Volumes/K2/htdocs/silverado/www//uploads/catalog/288
  /Volumes/K2/htdocs/silverado/www//uploads/catalog/287
  /Volumes/K2/htdocs/silverado/www//uploads/catalog/286
  /Volumes/K2/htdocs/silverado/www//uploads/catalog/285
  /Volumes/K2/htdocs/silverado/www//uploads/catalog/284
  /Volumes/K2/htdocs/silverado/www//uploads/catalog/283
  /Volumes/K2/htdocs/silverado/www//uploads/catalog/282
  /Volumes/K2/htdocs/silverado/www//uploads/catalog/281
  /Volumes/K2/htdocs/silverado/www//uploads/catalog/280
  /Volumes/K2/htdocs/silverado/www//uploads/catalog/28
  /Volumes/K2/htdocs/silverado/www//uploads/catalog/279
  /Volumes/K2/htdocs/silverado/www//uploads/catalog/278
  /Volumes/K2/htdocs/silverado/www//uploads/catalog/277
  /Volumes/K2/htdocs/silverado/www//uploads/catalog/276
  /Volumes/K2/htdocs/silverado/www//uploads/catalog/275
  /Volumes/K2/htdocs/silverado/www//uploads/catalog/274
  /Volumes/K2/htdocs/silverado/www//uploads/catalog/273
  /Volumes/K2/htdocs/silverado/www//uploads/catalog/272
  /Volumes/K2/htdocs/silverado/www//uploads/catalog/271
  /Volumes/K2/htdocs/silverado/www//uploads/catalog/270
  /Volumes/K2/htdocs/silverado/www//uploads/catalog/27
  /Volumes/K2/htdocs/silverado/www//uploads/catalog/269
  /Volumes/K2/htdocs/silverado/www//uploads/catalog/268
  /Volumes/K2/htdocs/silverado/www//uploads/catalog/267
  /Volumes/K2/htdocs/silverado/www//uploads/catalog/266
  /Volumes/K2/htdocs/silverado/www//uploads/catalog/265
  /Volumes/K2/htdocs/silverado/www//uploads/catalog/264
  /Volumes/K2/htdocs/silverado/www//uploads/catalog/263
  /Volumes/K2/htdocs/silverado/www//uploads/catalog/262
  /Volumes/K2/htdocs/silverado/www//uploads/catalog/261
  /Volumes/K2/htdocs/silverado/www//uploads/catalog/260
  /Volumes/K2/htdocs/silverado/www//uploads/catalog/26
  /Volumes/K2/htdocs/silverado/www//uploads/catalog/259
  /Volumes/K2/htdocs/silverado/www//uploads/catalog/258
  /Volumes/K2/htdocs/silverado/www//uploads/catalog/257
  /Volumes/K2/htdocs/silverado/www//uploads/catalog/256
  /Volumes/K2/htdocs/silverado/www//uploads/catalog/255
  /Volumes/K2/htdocs/silverado/www//uploads/catalog/254
  /Volumes/K2/htdocs/silverado/www//uploads/catalog/253
  /Volumes/K2/htdocs/silverado/www//uploads/catalog/252
  /Volumes/K2/htdocs/silverado/www//uploads/catalog/251
  /Volumes/K2/htdocs/silverado/www//uploads/catalog/250
  /Volumes/K2/htdocs/silverado/www//uploads/catalog/25
  /Volumes/K2/htdocs/silverado/www//uploads/catalog/249
  /Volumes/K2/htdocs/silverado/www//uploads/catalog/248
  /Volumes/K2/htdocs/silverado/www//uploads/catalog/247
  /Volumes/K2/htdocs/silverado/www//uploads/catalog/246
  /Volumes/K2/htdocs/silverado/www//uploads/catalog/245
  /Volumes/K2/htdocs/silverado/www//uploads/catalog/244
  /Volumes/K2/htdocs/silverado/www//uploads/catalog/243
  /Volumes/K2/htdocs/silverado/www//uploads/catalog/242
  /Volumes/K2/htdocs/silverado/www//uploads/catalog/241
  /Volumes/K2/htdocs/silverado/www//uploads/catalog/240
  /Volumes/K2/htdocs/silverado/www//uploads/catalog/239
  /Volumes/K2/htdocs/silverado/www//uploads/catalog/238
  /Volumes/K2/htdocs/silverado/www//uploads/catalog/237
  /Volumes/K2/htdocs/silverado/www//uploads/catalog/236
  /Volumes/K2/htdocs/silverado/www//uploads/catalog/235
  /Volumes/K2/htdocs/silverado/www//uploads/catalog/234
  /Volumes/K2/htdocs/silverado/www//uploads/catalog/233
  /Volumes/K2/htdocs/silverado/www//uploads/catalog/232
  /Volumes/K2/htdocs/silverado/www//uploads/catalog/231
  /Volumes/K2/htdocs/silverado/www//uploads/catalog/230
  /Volumes/K2/htdocs/silverado/www//uploads/catalog/229
  /Volumes/K2/htdocs/silverado/www//uploads/catalog/228
  /Volumes/K2/htdocs/silverado/www//uploads/catalog/227
  /Volumes/K2/htdocs/silverado/www//uploads/catalog/226
  /Volumes/K2/htdocs/silverado/www//uploads/catalog/225
  /Volumes/K2/htdocs/silverado/www//uploads/catalog/224
  /Volumes/K2/htdocs/silverado/www//uploads/catalog/223
  /Volumes/K2/htdocs/silverado/www//uploads/catalog/222
  /Volumes/K2/htdocs/silverado/www//uploads/catalog/221
  /Volumes/K2/htdocs/silverado/www//uploads/catalog/220
  /Volumes/K2/htdocs/silverado/www//uploads/catalog/219
  /Volumes/K2/htdocs/silverado/www//uploads/catalog/218
  /Volumes/K2/htdocs/silverado/www//uploads/catalog/217
  /Volumes/K2/htdocs/silverado/www//uploads/catalog/216
  /Volumes/K2/htdocs/silverado/www//uploads/catalog/215
  /Volumes/K2/htdocs/silverado/www//uploads/catalog/214
  /Volumes/K2/htdocs/silverado/www//uploads/catalog/213
  /Volumes/K2/htdocs/silverado/www//uploads/catalog/212
  /Volumes/K2/htdocs/silverado/www//uploads/catalog/211
  /Volumes/K2/htdocs/silverado/www//uploads/catalog/210
  /Volumes/K2/htdocs/silverado/www//uploads/catalog/209
  /Volumes/K2/htdocs/silverado/www//uploads/catalog/208
  /Volumes/K2/htdocs/silverado/www//uploads/catalog/207
  /Volumes/K2/htdocs/silverado/www//uploads/catalog/206
  /Volumes/K2/htdocs/silverado/www//uploads/catalog/205
  /Volumes/K2/htdocs/silverado/www//uploads/catalog/204
  /Volumes/K2/htdocs/silverado/www//uploads/catalog/203
  /Volumes/K2/htdocs/silverado/www//uploads/catalog/202
  /Volumes/K2/htdocs/silverado/www//uploads/catalog/201
  /Volumes/K2/htdocs/silverado/www//uploads/catalog/200
  /Volumes/K2/htdocs/silverado/www//uploads/catalog/199
  /Volumes/K2/htdocs/silverado/www//uploads/catalog/198
  /Volumes/K2/htdocs/silverado/www//uploads/catalog/197
  /Volumes/K2/htdocs/silverado/www//uploads/catalog/196
  /Volumes/K2/htdocs/silverado/www//uploads/catalog/195
  /Volumes/K2/htdocs/silverado/www//uploads/catalog/194
  /Volumes/K2/htdocs/silverado/www//uploads/catalog/193
  /Volumes/K2/htdocs/silverado/www//uploads/catalog/192
  /Volumes/K2/htdocs/silverado/www//uploads/catalog/191
  /Volumes/K2/htdocs/silverado/www//uploads/catalog/190
  /Volumes/K2/htdocs/silverado/www//uploads/catalog/189
  /Volumes/K2/htdocs/silverado/www//uploads/catalog/188
  /Volumes/K2/htdocs/silverado/www//uploads/catalog/187
  /Volumes/K2/htdocs/silverado/www//uploads/catalog/186
  /Volumes/K2/htdocs/silverado/www//uploads/catalog/185
  /Volumes/K2/htdocs/silverado/www//uploads/catalog/184
  /Volumes/K2/htdocs/silverado/www//uploads/catalog/183
  /Volumes/K2/htdocs/silverado/www//uploads/catalog/182
  /Volumes/K2/htdocs/silverado/www//uploads/catalog/181
  /Volumes/K2/htdocs/silverado/www//uploads/catalog/180
  /Volumes/K2/htdocs/silverado/www//uploads/catalog/179
  /Volumes/K2/htdocs/silverado/www//uploads/catalog/178
  /Volumes/K2/htdocs/silverado/www//uploads/catalog/177
  /Volumes/K2/htdocs/silverado/www//uploads/catalog/176
  /Volumes/K2/htdocs/silverado/www//uploads/catalog/175
  /Volumes/K2/htdocs/silverado/www//uploads/catalog/174
  /Volumes/K2/htdocs/silverado/www//uploads/catalog/173
  /Volumes/K2/htdocs/silverado/www//uploads/catalog/172
  /Volumes/K2/htdocs/silverado/www//uploads/catalog/171
  /Volumes/K2/htdocs/silverado/www//uploads/catalog/170
  /Volumes/K2/htdocs/silverado/www//uploads/catalog/169
  /Volumes/K2/htdocs/silverado/www//uploads/catalog/168
  /Volumes/K2/htdocs/silverado/www//uploads/catalog/167
  /Volumes/K2/htdocs/silverado/www//uploads/catalog/166
  /Volumes/K2/htdocs/silverado/www//uploads/catalog/165
  /Volumes/K2/htdocs/silverado/www//uploads/catalog/164
  /Volumes/K2/htdocs/silverado/www//uploads/catalog/163
  /Volumes/K2/htdocs/silverado/www//uploads/catalog/162
  /Volumes/K2/htdocs/silverado/www//uploads/catalog/161
  /Volumes/K2/htdocs/silverado/www//uploads/catalog/160
  /Volumes/K2/htdocs/silverado/www//uploads/catalog/159
  /Volumes/K2/htdocs/silverado/www//uploads/catalog/158
  /Volumes/K2/htdocs/silverado/www//uploads/catalog/157
  /Volumes/K2/htdocs/silverado/www//uploads/catalog/156
  /Volumes/K2/htdocs/silverado/www//uploads/catalog/155
  /Volumes/K2/htdocs/silverado/www//uploads/catalog/154
  /Volumes/K2/htdocs/silverado/www//uploads/catalog/153
  /Volumes/K2/htdocs/silverado/www//uploads/catalog/152
  /Volumes/K2/htdocs/silverado/www//uploads/catalog/151
  /Volumes/K2/htdocs/silverado/www//uploads/catalog/150
  /Volumes/K2/htdocs/silverado/www//uploads/catalog/149
  /Volumes/K2/htdocs/silverado/www//uploads/catalog/148
  /Volumes/K2/htdocs/silverado/www//uploads/catalog/147
  /Volumes/K2/htdocs/silverado/www//uploads/catalog/146
  /Volumes/K2/htdocs/silverado/www//uploads/catalog/145
  /Volumes/K2/htdocs/silverado/www//uploads/catalog/144
  /Volumes/K2/htdocs/silverado/www//uploads/catalog/143
  /Volumes/K2/htdocs/silverado/www//uploads/catalog/142
  /Volumes/K2/htdocs/silverado/www//uploads/catalog/141
  /Volumes/K2/htdocs/silverado/www//uploads/catalog/140
  /Volumes/K2/htdocs/silverado/www//uploads/catalog/14
  /Volumes/K2/htdocs/silverado/www//uploads/catalog/139
  /Volumes/K2/htdocs/silverado/www//uploads/catalog/138
  /Volumes/K2/htdocs/silverado/www//uploads/catalog/137
  /Volumes/K2/htdocs/silverado/www//uploads/catalog/136
  /Volumes/K2/htdocs/silverado/www//uploads/catalog/135
  /Volumes/K2/htdocs/silverado/www//uploads/catalog/134
  /Volumes/K2/htdocs/silverado/www//uploads/catalog/133
  /Volumes/K2/htdocs/silverado/www//uploads/catalog/132
  /Volumes/K2/htdocs/silverado/www//uploads/catalog/131
  /Volumes/K2/htdocs/silverado/www//uploads/catalog/130
  /Volumes/K2/htdocs/silverado/www//uploads/catalog/129
  /Volumes/K2/htdocs/silverado/www//uploads/catalog/128
  /Volumes/K2/htdocs/silverado/www//uploads/catalog/127
  /Volumes/K2/htdocs/silverado/www//uploads/catalog/126
  /Volumes/K2/htdocs/silverado/www//uploads/catalog/125
  /Volumes/K2/htdocs/silverado/www//uploads/catalog/124
  /Volumes/K2/htdocs/silverado/www//uploads/catalog/123
  /Volumes/K2/htdocs/silverado/www//uploads/catalog/122
  /Volumes/K2/htdocs/silverado/www//uploads/catalog/121
  /Volumes/K2/htdocs/silverado/www//uploads/catalog/120
  /Volumes/K2/htdocs/silverado/www//uploads/catalog/119
  /Volumes/K2/htdocs/silverado/www//uploads/catalog/118
  /Volumes/K2/htdocs/silverado/www//uploads/catalog/117
  /Volumes/K2/htdocs/silverado/www//uploads/catalog/116
  /Volumes/K2/htdocs/silverado/www//uploads/catalog/115
  /Volumes/K2/htdocs/silverado/www//uploads/catalog/114
  /Volumes/K2/htdocs/silverado/www//uploads/catalog/113
  /Volumes/K2/htdocs/silverado/www//uploads/catalog/112
  /Volumes/K2/htdocs/silverado/www//uploads/catalog/111
  /Volumes/K2/htdocs/silverado/www//uploads/catalog/110
  /Volumes/K2/htdocs/silverado/www//uploads/catalog/109
  /Volumes/K2/htdocs/silverado/www//uploads/catalog/108
  /Volumes/K2/htdocs/silverado/www//uploads/catalog/107
  /Volumes/K2/htdocs/silverado/www//uploads/catalog/106
  /Volumes/K2/htdocs/silverado/www//uploads/catalog/105
  /Volumes/K2/htdocs/silverado/www//uploads/catalog/104
  /Volumes/K2/htdocs/silverado/www//uploads/catalog/103
  /Volumes/K2/htdocs/silverado/www//uploads/catalog/102
  /Volumes/K2/htdocs/silverado/www//uploads/catalog/101
  /Volumes/K2/htdocs/silverado/www//uploads/catalog/100
  /Volumes/K2/htdocs/silverado/www//uploads/catalog/0
  /Volumes/K2/htdocs/silverado/www//uploads/banners
--------------------------------------------------
Работа завершена за 1.17661690712 s. 
Всего обработано файлов 0 из 2495
